<?xml version="1.0" encoding="UTF-8"?>
<!-- Generated by org.testng.reporters.JUnitReportReporter -->
<testsuite hostname="Dell-7390" failures="0" tests="1" name="org.sam.PropertiesFile" time="33.838" errors="0" timestamp="2023-11-26T10:46:32 IST" skipped="0">
  <testcase classname="org.sam.PropertiesFile" name="tc1" time="33.838"/>
</testsuite> <!-- org.sam.PropertiesFile -->
