<?xml version="1.0" encoding="UTF-8"?>
<!-- Generated by org.testng.reporters.JUnitReportReporter -->
<testsuite hostname="Dell-7390" failures="0" tests="4" name="org.sam.TestNGcalculator" time="6.677" errors="0" timestamp="2024-03-05T14:47:48 IST" skipped="0">
  <testcase classname="org.sam.TestNGcalculator" name="tc3" time="1.556"/>
  <testcase classname="org.sam.TestNGcalculator" name="tc1" time="2.810"/>
  <testcase classname="org.sam.TestNGcalculator" name="tc4" time="1.201"/>
  <testcase classname="org.sam.TestNGcalculator" name="tc2" time="1.110"/>
</testsuite> <!-- org.sam.TestNGcalculator -->
